2018-01-15 13:25:27,464:INFO:h5watchdog.py:39::H5EventHandler -- Deleted file: ../data/test/dat1442.h5
2018-01-15 13:25:27,521:INFO:h5watchdog.py:39::H5EventHandler -- Deleted file: ../data/test/dat1084.h5
2018-01-15 13:25:27,521:INFO:h5watchdog.py:39::H5EventHandler -- Deleted file: ../data/test/dat752.h5
2018-01-15 13:25:27,524:INFO:h5watchdog.py:39::H5EventHandler -- Deleted file: ../data/test/dat1011.h5
2018-01-15 13:25:27,526:INFO:h5watchdog.py:39::H5EventHandler -- Deleted file: ../data/test/dat1461.h5
2018-01-15 13:25:27,527:INFO:h5watchdog.py:39::H5EventHandler -- Deleted file: ../data/test/dat173.h5
2018-01-15 13:25:27,527:INFO:h5watchdog.py:39::H5EventHandler -- Deleted file: ../data/.DS_Store
2018-01-15 13:25:27,527:INFO:h5watchdog.py:39::H5EventHandler -- Deleted file: ../data/test/dat647.h5
2018-01-15 13:25:27,527:INFO:h5watchdog.py:29::H5EventHandler -- Created file: ../data/readme.txt
2018-01-15 13:25:27,529:INFO:h5watchdog.py:39::H5EventHandler -- Deleted directory: ../data/test
2018-01-15 13:25:27,529:INFO:h5watchdog.py:48::H5EventHandler -- Modified directory: ../data
2018-01-15 13:25:29,167:INFO:app.py:3171::log test
2018-01-15 13:25:29,184:INFO:passwordUtil.py:56::getAuthClient
2018-01-15 13:25:29,184:INFO:passwordUtil.py:58::password_uri:../util/admin/passwd.h5
2018-01-15 13:25:29,188:INFO:authFile.py:36::AuthFile class init(../util/admin/passwd.h5)
2018-01-15 13:25:29,192:INFO:app.py:3223::INITIALIZING...
2018-01-15 13:25:29,192:INFO:app.py:3224::Starting event loop on port: 5000
2018-01-15 13:25:51,954:INFO:h5watchdog.py:37::H5EventHandler -- Deleted file: ../data/readme.txt
2018-01-15 13:25:51,954:INFO:h5watchdog.py:27::H5EventHandler -- Created file: ../data/test/dat1442.h5
2018-01-15 13:25:51,954:INFO:h5watchdog.py:27::H5EventHandler -- Created file: ../data/test/dat1084.h5
2018-01-15 13:25:51,955:INFO:h5watchdog.py:27::H5EventHandler -- Created file: ../data/test/dat1011.h5
2018-01-15 13:25:51,955:INFO:h5watchdog.py:27::H5EventHandler -- Created file: ../data/.DS_Store
2018-01-15 13:25:51,955:INFO:h5watchdog.py:45::H5EventHandler -- Modified directory: ../data/
2018-01-15 13:25:51,955:INFO:h5watchdog.py:27::H5EventHandler -- Created directory: ../data/test
2018-01-15 13:25:52,037:INFO:h5watchdog.py:27::H5EventHandler -- Created file: ../data/test/dat1461.h5
2018-01-15 13:25:52,037:INFO:h5watchdog.py:45::H5EventHandler -- Modified directory: ../data/test
2018-01-15 13:25:52,049:INFO:h5watchdog.py:27::H5EventHandler -- Created file: ../data/test/dat647.h5
2018-01-15 13:25:52,049:INFO:h5watchdog.py:27::H5EventHandler -- Created file: ../data/test/dat173.h5
2018-01-15 13:25:52,050:INFO:h5watchdog.py:27::H5EventHandler -- Created file: ../data/test/dat752.h5
2018-01-15 13:25:54,654:INFO:app.py:3975::log test
2018-01-15 13:25:54,665:INFO:passwordUtil.py:56::getAuthClient
2018-01-15 13:25:54,667:INFO:passwordUtil.py:58::password_uri:../util/admin/passwd.h5
2018-01-15 13:25:54,669:INFO:authFile.py:36::AuthFile class init(../util/admin/passwd.h5)
2018-01-15 13:25:54,681:INFO:app.py:4028::INITIALIZING...
2018-01-15 13:25:54,681:INFO:app.py:4029::Running SSL on port: 6050 (SSL)
2018-01-15 13:26:01,792:INFO:h5watchdog.py:39::H5EventHandler -- Deleted file: ../data/test/dat1461.h5
2018-01-15 13:26:01,793:INFO:h5watchdog.py:39::H5EventHandler -- Deleted file: ../data/test/dat1084.h5
2018-01-15 13:26:01,793:INFO:h5watchdog.py:39::H5EventHandler -- Deleted file: ../data/test/dat1442.h5
2018-01-15 13:26:01,793:INFO:h5watchdog.py:39::H5EventHandler -- Deleted file: ../data/test/dat1011.h5
2018-01-15 13:26:01,794:INFO:h5watchdog.py:39::H5EventHandler -- Deleted file: ../data/test/dat647.h5
2018-01-15 13:26:01,794:INFO:h5watchdog.py:39::H5EventHandler -- Deleted file: ../data/test/dat752.h5
2018-01-15 13:26:01,795:INFO:h5watchdog.py:39::H5EventHandler -- Deleted file: ../data/.DS_Store
2018-01-15 13:26:01,795:INFO:h5watchdog.py:39::H5EventHandler -- Deleted file: ../data/test/dat173.h5
2018-01-15 13:26:01,795:INFO:h5watchdog.py:29::H5EventHandler -- Created file: ../data/readme.txt
2018-01-15 13:26:01,796:INFO:h5watchdog.py:39::H5EventHandler -- Deleted directory: ../data/test
2018-01-15 13:26:01,796:INFO:h5watchdog.py:48::H5EventHandler -- Modified directory: ../data
2018-01-15 13:26:03,060:INFO:app.py:3171::log test
2018-01-15 13:26:03,075:INFO:passwordUtil.py:56::getAuthClient
2018-01-15 13:26:03,075:INFO:passwordUtil.py:58::password_uri:../util/admin/passwd.h5
2018-01-15 13:26:03,078:INFO:authFile.py:36::AuthFile class init(../util/admin/passwd.h5)
2018-01-15 13:26:03,081:INFO:app.py:3223::INITIALIZING...
2018-01-15 13:26:03,081:INFO:app.py:3224::Starting event loop on port: 5000
2018-01-15 13:26:29,001:INFO:app.py:3171::log test
2018-01-15 13:26:29,017:INFO:passwordUtil.py:56::getAuthClient
2018-01-15 13:26:29,017:INFO:passwordUtil.py:58::password_uri:../util/admin/passwd.h5
2018-01-15 13:26:29,018:INFO:authFile.py:36::AuthFile class init(../util/admin/passwd.h5)
2018-01-15 13:26:29,021:INFO:app.py:3223::INITIALIZING...
2018-01-15 13:26:29,022:INFO:app.py:3224::Starting event loop on port: 5000
2018-01-15 13:28:12,064:WARNING:app.py:2968::Caught signal: 2
2018-01-15 13:28:12,068:INFO:app.py:2975::Stopping http server
2018-01-15 13:28:12,069:INFO:app.py:2978::Will shutdown in 2 seconds ...
2018-01-15 13:28:12,069:INFO:app.py:2992::closing db
2018-01-15 13:28:14,075:INFO:app.py:2989::Shutdown
